27-Feb-2023 09:19:46.774 INFO [main] org.apache.catalina.core.ApplicationContext.log 2 Spring WebApplicationInitializers detected on classpath
27-Feb-2023 09:19:48.180 INFO [main] org.apache.catalina.core.ApplicationContext.log Initializing Spring embedded WebApplicationContext
27-Feb-2023 09:19:51.603 INFO [main] org.apache.catalina.core.ApplicationContext.log ContextListener: contextInitialized()
27-Feb-2023 09:19:51.604 INFO [main] org.apache.catalina.core.ApplicationContext.log SessionListener: contextInitialized()
27-Feb-2023 09:19:51.605 INFO [main] org.apache.catalina.core.ApplicationContext.log ContextListener: attributeAdded('StockTicker', 'async.Stockticker@268206aa')
27-Feb-2023 09:22:13.334 INFO [http-nio-8001-exec-2] org.apache.catalina.core.ApplicationContext.log 2 Spring WebApplicationInitializers detected on classpath
27-Feb-2023 09:22:14.540 INFO [http-nio-8001-exec-2] org.apache.catalina.core.ApplicationContext.log Initializing Spring embedded WebApplicationContext
27-Feb-2023 09:30:37.648 INFO [http-nio-8001-exec-11] org.apache.catalina.core.ApplicationContext.log 2 Spring WebApplicationInitializers detected on classpath
27-Feb-2023 09:30:38.813 INFO [http-nio-8001-exec-11] org.apache.catalina.core.ApplicationContext.log Initializing Spring embedded WebApplicationContext
27-Feb-2023 09:30:47.538 INFO [http-nio-8001-exec-18] org.apache.catalina.core.ApplicationContext.log 2 Spring WebApplicationInitializers detected on classpath
27-Feb-2023 09:30:48.650 INFO [http-nio-8001-exec-18] org.apache.catalina.core.ApplicationContext.log Initializing Spring embedded WebApplicationContext
27-Feb-2023 09:31:43.215 INFO [http-nio-8001-exec-23] org.apache.catalina.core.ApplicationContext.log 2 Spring WebApplicationInitializers detected on classpath
27-Feb-2023 09:31:44.287 INFO [http-nio-8001-exec-23] org.apache.catalina.core.ApplicationContext.log Initializing Spring embedded WebApplicationContext
27-Feb-2023 09:31:50.680 INFO [http-nio-8001-exec-24] org.apache.catalina.core.ApplicationContext.log 2 Spring WebApplicationInitializers detected on classpath
27-Feb-2023 09:31:51.719 INFO [http-nio-8001-exec-24] org.apache.catalina.core.ApplicationContext.log Initializing Spring embedded WebApplicationContext
27-Feb-2023 09:32:54.337 INFO [main] org.apache.catalina.core.ApplicationContext.log SessionListener: contextDestroyed()
27-Feb-2023 09:32:54.337 INFO [main] org.apache.catalina.core.ApplicationContext.log ContextListener: contextDestroyed()
27-Feb-2023 09:33:37.871 INFO [main] org.apache.catalina.core.ApplicationContext.log 2 Spring WebApplicationInitializers detected on classpath
27-Feb-2023 09:33:38.869 INFO [main] org.apache.catalina.core.ApplicationContext.log Initializing Spring embedded WebApplicationContext
27-Feb-2023 09:33:41.915 INFO [main] org.apache.catalina.core.ApplicationContext.log ContextListener: contextInitialized()
27-Feb-2023 09:33:41.915 INFO [main] org.apache.catalina.core.ApplicationContext.log SessionListener: contextInitialized()
27-Feb-2023 09:33:41.915 INFO [main] org.apache.catalina.core.ApplicationContext.log ContextListener: attributeAdded('StockTicker', 'async.Stockticker@2275d28a')
27-Feb-2023 09:33:45.861 INFO [http-nio-8001-exec-1] org.apache.catalina.core.ApplicationContext.log 2 Spring WebApplicationInitializers detected on classpath
27-Feb-2023 09:33:46.636 INFO [http-nio-8001-exec-1] org.apache.catalina.core.ApplicationContext.log Initializing Spring embedded WebApplicationContext
27-Feb-2023 09:33:58.763 INFO [http-nio-8001-exec-9] org.apache.catalina.core.ApplicationContext.log 2 Spring WebApplicationInitializers detected on classpath
27-Feb-2023 09:33:59.544 INFO [http-nio-8001-exec-9] org.apache.catalina.core.ApplicationContext.log Initializing Spring embedded WebApplicationContext
27-Feb-2023 09:38:08.179 INFO [main] org.apache.catalina.core.ApplicationContext.log SessionListener: contextDestroyed()
27-Feb-2023 09:38:08.179 INFO [main] org.apache.catalina.core.ApplicationContext.log ContextListener: contextDestroyed()
27-Feb-2023 09:38:17.489 INFO [main] org.apache.catalina.core.ApplicationContext.log 2 Spring WebApplicationInitializers detected on classpath
27-Feb-2023 09:38:18.514 INFO [main] org.apache.catalina.core.ApplicationContext.log Initializing Spring embedded WebApplicationContext
27-Feb-2023 09:38:21.605 INFO [main] org.apache.catalina.core.ApplicationContext.log ContextListener: contextInitialized()
27-Feb-2023 09:38:21.606 INFO [main] org.apache.catalina.core.ApplicationContext.log SessionListener: contextInitialized()
27-Feb-2023 09:38:21.606 INFO [main] org.apache.catalina.core.ApplicationContext.log ContextListener: attributeAdded('StockTicker', 'async.Stockticker@42334d07')
27-Feb-2023 09:40:07.250 INFO [main] org.apache.catalina.core.ApplicationContext.log SessionListener: contextDestroyed()
27-Feb-2023 09:40:07.250 INFO [main] org.apache.catalina.core.ApplicationContext.log ContextListener: contextDestroyed()
27-Feb-2023 09:40:11.057 INFO [main] org.apache.catalina.core.ApplicationContext.log 2 Spring WebApplicationInitializers detected on classpath
27-Feb-2023 09:40:12.086 INFO [main] org.apache.catalina.core.ApplicationContext.log Initializing Spring embedded WebApplicationContext
27-Feb-2023 09:40:15.208 INFO [main] org.apache.catalina.core.ApplicationContext.log ContextListener: contextInitialized()
27-Feb-2023 09:40:15.208 INFO [main] org.apache.catalina.core.ApplicationContext.log SessionListener: contextInitialized()
27-Feb-2023 09:40:15.209 INFO [main] org.apache.catalina.core.ApplicationContext.log ContextListener: attributeAdded('StockTicker', 'async.Stockticker@1c22aae1')
27-Feb-2023 09:40:33.134 INFO [http-nio-8001-exec-2] org.apache.catalina.core.ApplicationContext.log 2 Spring WebApplicationInitializers detected on classpath
27-Feb-2023 09:40:33.961 INFO [http-nio-8001-exec-2] org.apache.catalina.core.ApplicationContext.log Initializing Spring embedded WebApplicationContext
27-Feb-2023 09:40:55.386 INFO [http-nio-8001-exec-9] org.apache.catalina.core.ApplicationContext.log 2 Spring WebApplicationInitializers detected on classpath
27-Feb-2023 09:40:56.301 INFO [http-nio-8001-exec-9] org.apache.catalina.core.ApplicationContext.log Initializing Spring embedded WebApplicationContext
27-Feb-2023 09:44:19.732 INFO [main] org.apache.catalina.core.ApplicationContext.log SessionListener: contextDestroyed()
27-Feb-2023 09:44:19.732 INFO [main] org.apache.catalina.core.ApplicationContext.log ContextListener: contextDestroyed()
27-Feb-2023 09:44:23.808 INFO [main] org.apache.catalina.core.ApplicationContext.log 2 Spring WebApplicationInitializers detected on classpath
27-Feb-2023 09:44:24.961 INFO [main] org.apache.catalina.core.ApplicationContext.log Initializing Spring embedded WebApplicationContext
27-Feb-2023 09:44:28.038 INFO [main] org.apache.catalina.core.ApplicationContext.log ContextListener: contextInitialized()
27-Feb-2023 09:44:28.038 INFO [main] org.apache.catalina.core.ApplicationContext.log SessionListener: contextInitialized()
27-Feb-2023 09:44:28.038 INFO [main] org.apache.catalina.core.ApplicationContext.log ContextListener: attributeAdded('StockTicker', 'async.Stockticker@310bf0ed')
27-Feb-2023 09:44:59.931 INFO [http-nio-8001-exec-5] org.apache.catalina.core.ApplicationContext.log 2 Spring WebApplicationInitializers detected on classpath
27-Feb-2023 09:45:00.660 INFO [http-nio-8001-exec-5] org.apache.catalina.core.ApplicationContext.log Initializing Spring embedded WebApplicationContext
27-Feb-2023 09:47:08.905 INFO [http-nio-8001-exec-11] org.apache.catalina.core.ApplicationContext.log 3 Spring WebApplicationInitializers detected on classpath
27-Feb-2023 09:47:09.456 INFO [http-nio-8001-exec-11] org.apache.catalina.core.ApplicationContext.log Initializing Spring embedded WebApplicationContext
27-Feb-2023 09:47:09.873 INFO [http-nio-8001-exec-11] org.apache.catalina.core.ApplicationContext.log Initializing Spring embedded WebApplicationContext
27-Feb-2023 09:47:26.295 INFO [http-nio-8001-exec-12] org.apache.catalina.core.ApplicationContext.log Initializing Spring DispatcherServlet 'dispatcherServlet'
27-Feb-2023 09:48:41.758 INFO [main] org.apache.catalina.core.ApplicationContext.log SessionListener: contextDestroyed()
27-Feb-2023 09:48:41.758 INFO [main] org.apache.catalina.core.ApplicationContext.log ContextListener: contextDestroyed()
27-Feb-2023 09:48:41.760 INFO [main] org.apache.catalina.core.ApplicationContext.log Destroying Spring FrameworkServlet 'dispatcherServlet'
27-Feb-2023 09:48:41.761 INFO [main] org.apache.catalina.core.ApplicationContext.log Closing Spring root WebApplicationContext
27-Feb-2023 09:48:41.764 INFO [main] org.apache.catalina.core.ApplicationContext.log Closing Spring root WebApplicationContext
27-Feb-2023 09:48:56.876 INFO [main] org.apache.catalina.core.ApplicationContext.log 2 Spring WebApplicationInitializers detected on classpath
27-Feb-2023 09:48:57.776 INFO [main] org.apache.catalina.core.ApplicationContext.log Initializing Spring embedded WebApplicationContext
27-Feb-2023 09:49:01.102 INFO [main] org.apache.catalina.core.ApplicationContext.log 3 Spring WebApplicationInitializers detected on classpath
27-Feb-2023 09:49:01.702 INFO [main] org.apache.catalina.core.ApplicationContext.log Initializing Spring embedded WebApplicationContext
27-Feb-2023 09:49:02.133 INFO [main] org.apache.catalina.core.ApplicationContext.log Initializing Spring embedded WebApplicationContext
27-Feb-2023 09:49:02.253 INFO [main] org.apache.catalina.core.ApplicationContext.log ContextListener: contextInitialized()
27-Feb-2023 09:49:02.253 INFO [main] org.apache.catalina.core.ApplicationContext.log SessionListener: contextInitialized()
27-Feb-2023 09:49:02.253 INFO [main] org.apache.catalina.core.ApplicationContext.log ContextListener: attributeAdded('StockTicker', 'async.Stockticker@71f7ed43')
27-Feb-2023 09:49:20.996 INFO [http-nio-8001-exec-3] org.apache.catalina.core.ApplicationContext.log 2 Spring WebApplicationInitializers detected on classpath
27-Feb-2023 09:49:21.724 INFO [http-nio-8001-exec-3] org.apache.catalina.core.ApplicationContext.log Initializing Spring embedded WebApplicationContext
