28-Feb-2023 09:26:19.546 INFO [main] org.apache.catalina.core.ApplicationContext.log 2 Spring WebApplicationInitializers detected on classpath
28-Feb-2023 09:26:20.561 INFO [main] org.apache.catalina.core.ApplicationContext.log Initializing Spring embedded WebApplicationContext
28-Feb-2023 09:26:22.704 INFO [main] org.apache.catalina.core.ApplicationContext.log 3 Spring WebApplicationInitializers detected on classpath
28-Feb-2023 09:26:23.280 INFO [main] org.apache.catalina.core.ApplicationContext.log Initializing Spring embedded WebApplicationContext
28-Feb-2023 09:26:23.709 INFO [main] org.apache.catalina.core.ApplicationContext.log Initializing Spring embedded WebApplicationContext
28-Feb-2023 09:26:23.892 INFO [main] org.apache.catalina.core.ApplicationContext.log ContextListener: contextInitialized()
28-Feb-2023 09:26:23.892 INFO [main] org.apache.catalina.core.ApplicationContext.log SessionListener: contextInitialized()
28-Feb-2023 09:26:23.893 INFO [main] org.apache.catalina.core.ApplicationContext.log ContextListener: attributeAdded('StockTicker', 'async.Stockticker@11742b4f')
28-Feb-2023 09:26:38.127 INFO [http-nio-8001-exec-5] org.apache.catalina.core.ApplicationContext.log Initializing Spring DispatcherServlet 'dispatcherServlet'
28-Feb-2023 09:30:48.615 INFO [http-nio-8001-exec-3] org.apache.catalina.core.ApplicationContext.log Initializing Spring DispatcherServlet 'dispatcherServlet'
28-Feb-2023 22:18:51.694 INFO [main] org.apache.catalina.core.ApplicationContext.log 3 Spring WebApplicationInitializers detected on classpath
28-Feb-2023 22:18:54.582 INFO [main] org.apache.catalina.core.ApplicationContext.log Initializing Spring embedded WebApplicationContext
28-Feb-2023 22:18:55.604 INFO [main] org.apache.catalina.core.ApplicationContext.log Initializing Spring embedded WebApplicationContext
28-Feb-2023 22:18:58.083 INFO [main] org.apache.catalina.core.ApplicationContext.log 2 Spring WebApplicationInitializers detected on classpath
28-Feb-2023 22:19:00.125 INFO [main] org.apache.catalina.core.ApplicationContext.log Initializing Spring embedded WebApplicationContext
28-Feb-2023 22:19:04.026 INFO [main] org.apache.catalina.core.ApplicationContext.log ContextListener: contextInitialized()
28-Feb-2023 22:19:04.026 INFO [main] org.apache.catalina.core.ApplicationContext.log SessionListener: contextInitialized()
28-Feb-2023 22:19:04.028 INFO [main] org.apache.catalina.core.ApplicationContext.log ContextListener: attributeAdded('StockTicker', 'async.Stockticker@68a1f3dd')
28-Feb-2023 22:19:12.552 INFO [http-nio-8001-exec-6] org.apache.catalina.core.ApplicationContext.log Initializing Spring DispatcherServlet 'dispatcherServlet'
28-Feb-2023 22:20:10.419 INFO [http-nio-8001-exec-10] org.apache.catalina.core.ApplicationContext.log Initializing Spring DispatcherServlet 'dispatcherServlet'
