24-Feb-2023 11:44:36.012 INFO [main] org.apache.catalina.core.ApplicationContext.log ContextListener: contextInitialized()
24-Feb-2023 11:44:36.012 INFO [main] org.apache.catalina.core.ApplicationContext.log SessionListener: contextInitialized()
24-Feb-2023 11:44:36.013 INFO [main] org.apache.catalina.core.ApplicationContext.log ContextListener: attributeAdded('StockTicker', 'async.Stockticker@5b69fd74')
24-Feb-2023 13:28:49.431 INFO [http-nio-8001-exec-6] org.apache.catalina.core.ApplicationContext.log 2 Spring WebApplicationInitializers detected on classpath
24-Feb-2023 13:28:50.366 INFO [http-nio-8001-exec-6] org.apache.catalina.core.ApplicationContext.log Initializing Spring embedded WebApplicationContext
24-Feb-2023 15:30:07.061 INFO [http-nio-8001-exec-8] org.apache.catalina.core.ApplicationContext.log 2 Spring WebApplicationInitializers detected on classpath
24-Feb-2023 15:30:07.815 INFO [http-nio-8001-exec-8] org.apache.catalina.core.ApplicationContext.log Initializing Spring embedded WebApplicationContext
24-Feb-2023 15:33:13.116 INFO [http-nio-8001-exec-16] org.apache.catalina.core.ApplicationContext.log 2 Spring WebApplicationInitializers detected on classpath
24-Feb-2023 15:33:13.831 INFO [http-nio-8001-exec-16] org.apache.catalina.core.ApplicationContext.log Initializing Spring embedded WebApplicationContext
24-Feb-2023 15:34:46.880 INFO [http-nio-8001-exec-20] org.apache.catalina.core.ApplicationContext.log 2 Spring WebApplicationInitializers detected on classpath
24-Feb-2023 15:34:47.539 INFO [http-nio-8001-exec-20] org.apache.catalina.core.ApplicationContext.log Initializing Spring embedded WebApplicationContext
24-Feb-2023 15:34:55.439 INFO [http-nio-8001-exec-15] org.apache.catalina.core.ApplicationContext.log 2 Spring WebApplicationInitializers detected on classpath
24-Feb-2023 15:34:56.112 INFO [http-nio-8001-exec-15] org.apache.catalina.core.ApplicationContext.log Initializing Spring embedded WebApplicationContext
24-Feb-2023 16:17:02.461 INFO [http-nio-8001-exec-30] org.apache.catalina.core.ApplicationContext.log 2 Spring WebApplicationInitializers detected on classpath
24-Feb-2023 16:17:03.189 INFO [http-nio-8001-exec-30] org.apache.catalina.core.ApplicationContext.log Initializing Spring embedded WebApplicationContext
24-Feb-2023 16:19:18.312 INFO [http-nio-8001-exec-31] org.apache.catalina.core.ApplicationContext.log 2 Spring WebApplicationInitializers detected on classpath
24-Feb-2023 16:19:19.069 INFO [http-nio-8001-exec-31] org.apache.catalina.core.ApplicationContext.log Initializing Spring embedded WebApplicationContext
24-Feb-2023 16:19:30.867 INFO [http-nio-8001-exec-39] org.apache.catalina.core.ApplicationContext.log 2 Spring WebApplicationInitializers detected on classpath
24-Feb-2023 16:19:31.537 INFO [http-nio-8001-exec-39] org.apache.catalina.core.ApplicationContext.log Initializing Spring embedded WebApplicationContext
24-Feb-2023 16:22:03.062 INFO [http-nio-8001-exec-45] org.apache.catalina.core.ApplicationContext.log 2 Spring WebApplicationInitializers detected on classpath
24-Feb-2023 16:22:03.836 INFO [http-nio-8001-exec-45] org.apache.catalina.core.ApplicationContext.log Initializing Spring embedded WebApplicationContext
24-Feb-2023 16:22:28.888 INFO [http-nio-8001-exec-47] org.apache.catalina.core.ApplicationContext.log 2 Spring WebApplicationInitializers detected on classpath
24-Feb-2023 16:22:29.559 INFO [http-nio-8001-exec-47] org.apache.catalina.core.ApplicationContext.log Initializing Spring embedded WebApplicationContext
24-Feb-2023 16:22:43.147 INFO [http-nio-8001-exec-48] org.apache.catalina.core.ApplicationContext.log 2 Spring WebApplicationInitializers detected on classpath
24-Feb-2023 16:22:43.807 INFO [http-nio-8001-exec-48] org.apache.catalina.core.ApplicationContext.log Initializing Spring embedded WebApplicationContext
24-Feb-2023 16:42:25.279 INFO [http-nio-8001-exec-57] org.apache.catalina.core.ApplicationContext.log 2 Spring WebApplicationInitializers detected on classpath
24-Feb-2023 16:42:26.193 INFO [http-nio-8001-exec-57] org.apache.catalina.core.ApplicationContext.log Initializing Spring embedded WebApplicationContext
24-Feb-2023 16:42:31.461 INFO [http-nio-8001-exec-62] org.apache.catalina.core.ApplicationContext.log 2 Spring WebApplicationInitializers detected on classpath
24-Feb-2023 16:42:32.347 INFO [http-nio-8001-exec-62] org.apache.catalina.core.ApplicationContext.log Initializing Spring embedded WebApplicationContext
